<?xml version="1.0" encoding="UTF-8"?>
<!-- Generated by org.testng.reporters.JUnitReportReporter -->
<testsuite hostname="BLRKEC542128L" failures="0" tests="1" name="SavingTest" time="15.791" errors="0" timestamp="2023-11-01T10:45:18 IST" skipped="0">
  <testcase classname="SavingTest" name="testCase1" time="15.791"/>
</testsuite> <!-- SavingTest -->
