<?xml version="1.0" encoding="UTF-8"?>
<!-- Generated by org.testng.reporters.JUnitReportReporter -->
<testsuite hostname="BLRKEC542128L" failures="0" tests="7" name="RetirementCalculatorTests" time="101.618" errors="0" timestamp="2023-11-02T13:42:23 IST" skipped="1">
  <testcase classname="RetirementCalculatorTests" name="verifyPageTitle" time="25.113"/>
  <testcase classname="RetirementCalculatorTests" name="verifyMandatoryFields" time="37.360"/>
  <testcase classname="RetirementCalculatorTests" name="testCase1" time="15.352"/>
  <testcase classname="RetirementCalculatorTests" name="testCase2" time="6.322"/>
  <testcase classname="RetirementCalculatorTests" name="testCase3" time="10.114"/>
  <testcase classname="RetirementCalculatorTests" name="testCase4" time="7.357"/>
  <testcase classname="RetirementCalculatorTests" name="testCase5">
    <skipped/>
  </testcase> <!-- testCase5 -->
</testsuite> <!-- RetirementCalculatorTests -->
