<?xml version="1.0" encoding="UTF-8"?>
<!-- Generated by org.testng.reporters.JUnitReportReporter -->
<testsuite hostname="BLRKEC542128L" failures="0" tests="7" name="NewTest" time="59.154" errors="0" timestamp="2023-11-01T18:31:36 IST" skipped="1">
  <testcase classname="NewTest" name="verifyMandatoryFields" time="19.992"/>
  <testcase classname="NewTest" name="verifyPageTitle" time="3.592"/>
  <testcase classname="NewTest" name="testCase1" time="8.482"/>
  <testcase classname="NewTest" name="testCase2" time="8.245"/>
  <testcase classname="NewTest" name="testCase3" time="8.784"/>
  <testcase classname="NewTest" name="testCase4" time="10.059"/>
  <testcase classname="NewTest" name="testCase5">
    <skipped/>
  </testcase> <!-- testCase5 -->
</testsuite> <!-- NewTest -->
